2013/09/11 04:25:53 [error] [exception.CHttpException.404] exception 'CHttpException' with message 'Unable to resolve the request "uploads/images/5/3.jpg".' in C:\xampp\htdocs\ecommercejb\framework\web\CWebApplication.php:286
Stack trace:
#0 C:\xampp\htdocs\ecommercejb\framework\web\CWebApplication.php(141): CWebApplication->runController('uploads/images/...')
#1 C:\xampp\htdocs\ecommercejb\framework\base\CApplication.php(169): CWebApplication->processRequest()
#2 C:\xampp\htdocs\ecommercejb\index.php(13): CApplication->run()
#3 {main}
REQUEST_URI=/ecommerceJB/index.php/uploads/images/5/3.jpg
HTTP_REFERER=http://localhost/ecommerceJB/index.php/home
---
2013/09/11 04:51:29 [error] [exception.CException] exception 'CException' with message 'Settings and its behaviors do not have a method or closure named "findByAttribute".' in C:\xampp\htdocs\ecommercejb\framework\base\CComponent.php:265
Stack trace:
#0 C:\xampp\htdocs\ecommercejb\framework\db\ar\CActiveRecord.php(225): CComponent->__call('findByAttribute', Array)
#1 C:\xampp\htdocs\ecommercejb\protected\controllers\HomeController.php(52): CActiveRecord->__call('findByAttribute', Array)
#2 C:\xampp\htdocs\ecommercejb\protected\controllers\HomeController.php(52): Settings->findByAttribute(Array)
#3 C:\xampp\htdocs\ecommercejb\framework\web\actions\CInlineAction.php(49): HomeController->actionIndex()
#4 C:\xampp\htdocs\ecommercejb\framework\web\CController.php(308): CInlineAction->runWithParams(Array)
#5 C:\xampp\htdocs\ecommercejb\framework\web\CController.php(286): CController->runAction(Object(CInlineAction))
#6 C:\xampp\htdocs\ecommercejb\framework\web\CController.php(265): CController->runActionWithFilters(Object(CInlineAction), Array)
#7 C:\xampp\htdocs\ecommercejb\framework\web\CWebApplication.php(282): CController->run('')
#8 C:\xampp\htdocs\ecommercejb\framework\web\CWebApplication.php(141): CWebApplication->runController('home')
#9 C:\xampp\htdocs\ecommercejb\framework\base\CApplication.php(169): CWebApplication->processRequest()
#10 C:\xampp\htdocs\ecommercejb\index.php(13): CApplication->run()
#11 {main}
REQUEST_URI=/ecommerceJB/index.php/home
HTTP_REFERER=http://localhost/ecommerceJB/index.php/jbAdmin/settings
---
2013/09/11 04:51:43 [error] [exception.CHttpException.404] exception 'CHttpException' with message 'Unable to resolve the request "uploads/images/5/3.jpg".' in C:\xampp\htdocs\ecommercejb\framework\web\CWebApplication.php:286
Stack trace:
#0 C:\xampp\htdocs\ecommercejb\framework\web\CWebApplication.php(141): CWebApplication->runController('uploads/images/...')
#1 C:\xampp\htdocs\ecommercejb\framework\base\CApplication.php(169): CWebApplication->processRequest()
#2 C:\xampp\htdocs\ecommercejb\index.php(13): CApplication->run()
#3 {main}
REQUEST_URI=/ecommerceJB/index.php/uploads/images/5/3.jpg
HTTP_REFERER=http://localhost/ecommerceJB/index.php/home
---
2013/09/11 04:51:57 [error] [exception.CHttpException.404] exception 'CHttpException' with message 'Unable to resolve the request "uploads/images/5/3.jpg".' in C:\xampp\htdocs\ecommercejb\framework\web\CWebApplication.php:286
Stack trace:
#0 C:\xampp\htdocs\ecommercejb\framework\web\CWebApplication.php(141): CWebApplication->runController('uploads/images/...')
#1 C:\xampp\htdocs\ecommercejb\framework\base\CApplication.php(169): CWebApplication->processRequest()
#2 C:\xampp\htdocs\ecommercejb\index.php(13): CApplication->run()
#3 {main}
REQUEST_URI=/ecommerceJB/index.php/uploads/images/5/3.jpg
HTTP_REFERER=http://localhost/ecommerceJB/index.php/home
---
2013/09/11 05:01:57 [error] [exception.CHttpException.404] exception 'CHttpException' with message 'Unable to resolve the request "uploads/images/5/3.jpg".' in C:\xampp\htdocs\ecommercejb\framework\web\CWebApplication.php:286
Stack trace:
#0 C:\xampp\htdocs\ecommercejb\framework\web\CWebApplication.php(141): CWebApplication->runController('uploads/images/...')
#1 C:\xampp\htdocs\ecommercejb\framework\base\CApplication.php(169): CWebApplication->processRequest()
#2 C:\xampp\htdocs\ecommercejb\index.php(13): CApplication->run()
#3 {main}
REQUEST_URI=/ecommerceJB/index.php/uploads/images/5/3.jpg
HTTP_REFERER=http://localhost/ecommerceJB/index.php/home
---
2013/09/11 05:02:24 [error] [exception.CHttpException.404] exception 'CHttpException' with message 'Unable to resolve the request "uploads/images/5/3.jpg".' in C:\xampp\htdocs\ecommercejb\framework\web\CWebApplication.php:286
Stack trace:
#0 C:\xampp\htdocs\ecommercejb\framework\web\CWebApplication.php(141): CWebApplication->runController('uploads/images/...')
#1 C:\xampp\htdocs\ecommercejb\framework\base\CApplication.php(169): CWebApplication->processRequest()
#2 C:\xampp\htdocs\ecommercejb\index.php(13): CApplication->run()
#3 {main}
REQUEST_URI=/ecommerceJB/index.php/uploads/images/5/3.jpg
HTTP_REFERER=http://localhost/ecommerceJB/index.php/home
---
2013/09/11 05:02:44 [error] [exception.CHttpException.404] exception 'CHttpException' with message 'Unable to resolve the request "uploads/images/5/2.jpg".' in C:\xampp\htdocs\ecommercejb\framework\web\CWebApplication.php:286
Stack trace:
#0 C:\xampp\htdocs\ecommercejb\framework\web\CWebApplication.php(141): CWebApplication->runController('uploads/images/...')
#1 C:\xampp\htdocs\ecommercejb\framework\base\CApplication.php(169): CWebApplication->processRequest()
#2 C:\xampp\htdocs\ecommercejb\index.php(13): CApplication->run()
#3 {main}
REQUEST_URI=/ecommerceJB/index.php/uploads/images/5/2.jpg
HTTP_REFERER=http://localhost/ecommerceJB/index.php/home
---
2013/09/11 05:02:48 [error] [exception.CHttpException.404] exception 'CHttpException' with message 'Unable to resolve the request "uploads/images/5/2.jpg".' in C:\xampp\htdocs\ecommercejb\framework\web\CWebApplication.php:286
Stack trace:
#0 C:\xampp\htdocs\ecommercejb\framework\web\CWebApplication.php(141): CWebApplication->runController('uploads/images/...')
#1 C:\xampp\htdocs\ecommercejb\framework\base\CApplication.php(169): CWebApplication->processRequest()
#2 C:\xampp\htdocs\ecommercejb\index.php(13): CApplication->run()
#3 {main}
REQUEST_URI=/ecommerceJB/index.php/uploads/images/5/2.jpg
HTTP_REFERER=http://localhost/ecommerceJB/index.php/home
---
2013/09/11 05:07:43 [error] [exception.CHttpException.404] exception 'CHttpException' with message 'Unable to resolve the request "uploads/images/5/3.jpg".' in C:\xampp\htdocs\ecommercejb\framework\web\CWebApplication.php:286
Stack trace:
#0 C:\xampp\htdocs\ecommercejb\framework\web\CWebApplication.php(141): CWebApplication->runController('uploads/images/...')
#1 C:\xampp\htdocs\ecommercejb\framework\base\CApplication.php(169): CWebApplication->processRequest()
#2 C:\xampp\htdocs\ecommercejb\index.php(13): CApplication->run()
#3 {main}
REQUEST_URI=/ecommerceJB/index.php/uploads/images/5/3.jpg
HTTP_REFERER=http://localhost/ecommerceJB/index.php/home
---
2013/09/11 05:11:07 [error] [exception.CHttpException.404] exception 'CHttpException' with message 'Unable to resolve the request "uploads/images/5/3.jpg".' in C:\xampp\htdocs\ecommercejb\framework\web\CWebApplication.php:286
Stack trace:
#0 C:\xampp\htdocs\ecommercejb\framework\web\CWebApplication.php(141): CWebApplication->runController('uploads/images/...')
#1 C:\xampp\htdocs\ecommercejb\framework\base\CApplication.php(169): CWebApplication->processRequest()
#2 C:\xampp\htdocs\ecommercejb\index.php(13): CApplication->run()
#3 {main}
REQUEST_URI=/ecommerceJB/index.php/uploads/images/5/3.jpg
HTTP_REFERER=http://localhost/ecommerceJB/index.php/home
---
2013/09/11 05:11:28 [error] [exception.CHttpException.404] exception 'CHttpException' with message 'Unable to resolve the request "uploads/images/5/3.jpg".' in C:\xampp\htdocs\ecommercejb\framework\web\CWebApplication.php:286
Stack trace:
#0 C:\xampp\htdocs\ecommercejb\framework\web\CWebApplication.php(141): CWebApplication->runController('uploads/images/...')
#1 C:\xampp\htdocs\ecommercejb\framework\base\CApplication.php(169): CWebApplication->processRequest()
#2 C:\xampp\htdocs\ecommercejb\index.php(13): CApplication->run()
#3 {main}
REQUEST_URI=/ecommerceJB/index.php/uploads/images/5/3.jpg
HTTP_REFERER=http://localhost/ecommerceJB/index.php/home
---
2013/09/11 05:12:28 [error] [exception.CHttpException.404] exception 'CHttpException' with message 'Unable to resolve the request "uploads/images/5/2.jpg".' in C:\xampp\htdocs\ecommercejb\framework\web\CWebApplication.php:286
Stack trace:
#0 C:\xampp\htdocs\ecommercejb\framework\web\CWebApplication.php(141): CWebApplication->runController('uploads/images/...')
#1 C:\xampp\htdocs\ecommercejb\framework\base\CApplication.php(169): CWebApplication->processRequest()
#2 C:\xampp\htdocs\ecommercejb\index.php(13): CApplication->run()
#3 {main}
REQUEST_URI=/ecommerceJB/index.php/uploads/images/5/2.jpg
HTTP_REFERER=http://localhost/ecommerceJB/index.php/home
---
2013/09/11 05:12:30 [error] [exception.CHttpException.404] exception 'CHttpException' with message 'Unable to resolve the request "uploads/images/5/2.jpg".' in C:\xampp\htdocs\ecommercejb\framework\web\CWebApplication.php:286
Stack trace:
#0 C:\xampp\htdocs\ecommercejb\framework\web\CWebApplication.php(141): CWebApplication->runController('uploads/images/...')
#1 C:\xampp\htdocs\ecommercejb\framework\base\CApplication.php(169): CWebApplication->processRequest()
#2 C:\xampp\htdocs\ecommercejb\index.php(13): CApplication->run()
#3 {main}
REQUEST_URI=/ecommerceJB/index.php/uploads/images/5/2.jpg
HTTP_REFERER=http://localhost/ecommerceJB/index.php/home
---
2013/09/11 05:12:33 [error] [exception.CHttpException.404] exception 'CHttpException' with message 'Unable to resolve the request "uploads/images/5/2.jpg".' in C:\xampp\htdocs\ecommercejb\framework\web\CWebApplication.php:286
Stack trace:
#0 C:\xampp\htdocs\ecommercejb\framework\web\CWebApplication.php(141): CWebApplication->runController('uploads/images/...')
#1 C:\xampp\htdocs\ecommercejb\framework\base\CApplication.php(169): CWebApplication->processRequest()
#2 C:\xampp\htdocs\ecommercejb\index.php(13): CApplication->run()
#3 {main}
REQUEST_URI=/ecommerceJB/index.php/uploads/images/5/2.jpg
HTTP_REFERER=http://localhost/ecommerceJB/index.php/home
---
2013/09/11 05:12:37 [error] [exception.CHttpException.404] exception 'CHttpException' with message 'Unable to resolve the request "uploads/images/5/2.jpg".' in C:\xampp\htdocs\ecommercejb\framework\web\CWebApplication.php:286
Stack trace:
#0 C:\xampp\htdocs\ecommercejb\framework\web\CWebApplication.php(141): CWebApplication->runController('uploads/images/...')
#1 C:\xampp\htdocs\ecommercejb\framework\base\CApplication.php(169): CWebApplication->processRequest()
#2 C:\xampp\htdocs\ecommercejb\index.php(13): CApplication->run()
#3 {main}
REQUEST_URI=/ecommerceJB/index.php/uploads/images/5/2.jpg
HTTP_REFERER=http://localhost/ecommerceJB/index.php/home
---
2013/09/11 05:12:41 [error] [exception.CHttpException.404] exception 'CHttpException' with message 'Unable to resolve the request "uploads/images/5/2.jpg".' in C:\xampp\htdocs\ecommercejb\framework\web\CWebApplication.php:286
Stack trace:
#0 C:\xampp\htdocs\ecommercejb\framework\web\CWebApplication.php(141): CWebApplication->runController('uploads/images/...')
#1 C:\xampp\htdocs\ecommercejb\framework\base\CApplication.php(169): CWebApplication->processRequest()
#2 C:\xampp\htdocs\ecommercejb\index.php(13): CApplication->run()
#3 {main}
REQUEST_URI=/ecommerceJB/index.php/uploads/images/5/2.jpg
HTTP_REFERER=http://localhost/ecommerceJB/index.php/home
---
2013/09/11 05:12:44 [error] [exception.CHttpException.404] exception 'CHttpException' with message 'Unable to resolve the request "uploads/images/5/2.jpg".' in C:\xampp\htdocs\ecommercejb\framework\web\CWebApplication.php:286
Stack trace:
#0 C:\xampp\htdocs\ecommercejb\framework\web\CWebApplication.php(141): CWebApplication->runController('uploads/images/...')
#1 C:\xampp\htdocs\ecommercejb\framework\base\CApplication.php(169): CWebApplication->processRequest()
#2 C:\xampp\htdocs\ecommercejb\index.php(13): CApplication->run()
#3 {main}
REQUEST_URI=/ecommerceJB/index.php/uploads/images/5/2.jpg
HTTP_REFERER=http://localhost/ecommerceJB/index.php/home
---
2013/09/11 05:12:48 [error] [exception.CHttpException.404] exception 'CHttpException' with message 'Unable to resolve the request "uploads/images/5/2.jpg".' in C:\xampp\htdocs\ecommercejb\framework\web\CWebApplication.php:286
Stack trace:
#0 C:\xampp\htdocs\ecommercejb\framework\web\CWebApplication.php(141): CWebApplication->runController('uploads/images/...')
#1 C:\xampp\htdocs\ecommercejb\framework\base\CApplication.php(169): CWebApplication->processRequest()
#2 C:\xampp\htdocs\ecommercejb\index.php(13): CApplication->run()
#3 {main}
REQUEST_URI=/ecommerceJB/index.php/uploads/images/5/2.jpg
HTTP_REFERER=http://localhost/ecommerceJB/index.php/home
---
2013/09/11 05:12:51 [error] [exception.CHttpException.404] exception 'CHttpException' with message 'Unable to resolve the request "uploads/images/5/2.jpg".' in C:\xampp\htdocs\ecommercejb\framework\web\CWebApplication.php:286
Stack trace:
#0 C:\xampp\htdocs\ecommercejb\framework\web\CWebApplication.php(141): CWebApplication->runController('uploads/images/...')
#1 C:\xampp\htdocs\ecommercejb\framework\base\CApplication.php(169): CWebApplication->processRequest()
#2 C:\xampp\htdocs\ecommercejb\index.php(13): CApplication->run()
#3 {main}
REQUEST_URI=/ecommerceJB/index.php/uploads/images/5/2.jpg
HTTP_REFERER=http://localhost/ecommerceJB/index.php/home
---
2013/09/11 05:12:55 [error] [exception.CHttpException.404] exception 'CHttpException' with message 'Unable to resolve the request "uploads/images/5/2.jpg".' in C:\xampp\htdocs\ecommercejb\framework\web\CWebApplication.php:286
Stack trace:
#0 C:\xampp\htdocs\ecommercejb\framework\web\CWebApplication.php(141): CWebApplication->runController('uploads/images/...')
#1 C:\xampp\htdocs\ecommercejb\framework\base\CApplication.php(169): CWebApplication->processRequest()
#2 C:\xampp\htdocs\ecommercejb\index.php(13): CApplication->run()
#3 {main}
REQUEST_URI=/ecommerceJB/index.php/uploads/images/5/2.jpg
HTTP_REFERER=http://localhost/ecommerceJB/index.php/home
---
2013/09/11 05:12:58 [error] [exception.CHttpException.404] exception 'CHttpException' with message 'Unable to resolve the request "uploads/images/5/2.jpg".' in C:\xampp\htdocs\ecommercejb\framework\web\CWebApplication.php:286
Stack trace:
#0 C:\xampp\htdocs\ecommercejb\framework\web\CWebApplication.php(141): CWebApplication->runController('uploads/images/...')
#1 C:\xampp\htdocs\ecommercejb\framework\base\CApplication.php(169): CWebApplication->processRequest()
#2 C:\xampp\htdocs\ecommercejb\index.php(13): CApplication->run()
#3 {main}
REQUEST_URI=/ecommerceJB/index.php/uploads/images/5/2.jpg
HTTP_REFERER=http://localhost/ecommerceJB/index.php/home
---
2013/09/11 05:13:02 [error] [exception.CHttpException.404] exception 'CHttpException' with message 'Unable to resolve the request "uploads/images/5/2.jpg".' in C:\xampp\htdocs\ecommercejb\framework\web\CWebApplication.php:286
Stack trace:
#0 C:\xampp\htdocs\ecommercejb\framework\web\CWebApplication.php(141): CWebApplication->runController('uploads/images/...')
#1 C:\xampp\htdocs\ecommercejb\framework\base\CApplication.php(169): CWebApplication->processRequest()
#2 C:\xampp\htdocs\ecommercejb\index.php(13): CApplication->run()
#3 {main}
REQUEST_URI=/ecommerceJB/index.php/uploads/images/5/2.jpg
HTTP_REFERER=http://localhost/ecommerceJB/index.php/home
---
2013/09/11 05:13:06 [error] [exception.CHttpException.404] exception 'CHttpException' with message 'Unable to resolve the request "uploads/images/5/2.jpg".' in C:\xampp\htdocs\ecommercejb\framework\web\CWebApplication.php:286
Stack trace:
#0 C:\xampp\htdocs\ecommercejb\framework\web\CWebApplication.php(141): CWebApplication->runController('uploads/images/...')
#1 C:\xampp\htdocs\ecommercejb\framework\base\CApplication.php(169): CWebApplication->processRequest()
#2 C:\xampp\htdocs\ecommercejb\index.php(13): CApplication->run()
#3 {main}
REQUEST_URI=/ecommerceJB/index.php/uploads/images/5/2.jpg
HTTP_REFERER=http://localhost/ecommerceJB/index.php/home
---
2013/09/11 05:13:10 [error] [exception.CHttpException.404] exception 'CHttpException' with message 'Unable to resolve the request "uploads/images/5/2.jpg".' in C:\xampp\htdocs\ecommercejb\framework\web\CWebApplication.php:286
Stack trace:
#0 C:\xampp\htdocs\ecommercejb\framework\web\CWebApplication.php(141): CWebApplication->runController('uploads/images/...')
#1 C:\xampp\htdocs\ecommercejb\framework\base\CApplication.php(169): CWebApplication->processRequest()
#2 C:\xampp\htdocs\ecommercejb\index.php(13): CApplication->run()
#3 {main}
REQUEST_URI=/ecommerceJB/index.php/uploads/images/5/2.jpg
HTTP_REFERER=http://localhost/ecommerceJB/index.php/home
---
2013/09/11 05:13:14 [error] [exception.CHttpException.404] exception 'CHttpException' with message 'Unable to resolve the request "uploads/images/5/2.jpg".' in C:\xampp\htdocs\ecommercejb\framework\web\CWebApplication.php:286
Stack trace:
#0 C:\xampp\htdocs\ecommercejb\framework\web\CWebApplication.php(141): CWebApplication->runController('uploads/images/...')
#1 C:\xampp\htdocs\ecommercejb\framework\base\CApplication.php(169): CWebApplication->processRequest()
#2 C:\xampp\htdocs\ecommercejb\index.php(13): CApplication->run()
#3 {main}
REQUEST_URI=/ecommerceJB/index.php/uploads/images/5/2.jpg
HTTP_REFERER=http://localhost/ecommerceJB/index.php/home
---
2013/09/11 05:13:18 [error] [exception.CHttpException.404] exception 'CHttpException' with message 'Unable to resolve the request "uploads/images/5/2.jpg".' in C:\xampp\htdocs\ecommercejb\framework\web\CWebApplication.php:286
Stack trace:
#0 C:\xampp\htdocs\ecommercejb\framework\web\CWebApplication.php(141): CWebApplication->runController('uploads/images/...')
#1 C:\xampp\htdocs\ecommercejb\framework\base\CApplication.php(169): CWebApplication->processRequest()
#2 C:\xampp\htdocs\ecommercejb\index.php(13): CApplication->run()
#3 {main}
REQUEST_URI=/ecommerceJB/index.php/uploads/images/5/2.jpg
HTTP_REFERER=http://localhost/ecommerceJB/index.php/home
---
2013/09/11 05:13:22 [error] [exception.CHttpException.404] exception 'CHttpException' with message 'Unable to resolve the request "uploads/images/5/2.jpg".' in C:\xampp\htdocs\ecommercejb\framework\web\CWebApplication.php:286
Stack trace:
#0 C:\xampp\htdocs\ecommercejb\framework\web\CWebApplication.php(141): CWebApplication->runController('uploads/images/...')
#1 C:\xampp\htdocs\ecommercejb\framework\base\CApplication.php(169): CWebApplication->processRequest()
#2 C:\xampp\htdocs\ecommercejb\index.php(13): CApplication->run()
#3 {main}
REQUEST_URI=/ecommerceJB/index.php/uploads/images/5/2.jpg
HTTP_REFERER=http://localhost/ecommerceJB/index.php/home
---
2013/09/11 05:13:26 [error] [exception.CHttpException.404] exception 'CHttpException' with message 'Unable to resolve the request "uploads/images/5/2.jpg".' in C:\xampp\htdocs\ecommercejb\framework\web\CWebApplication.php:286
Stack trace:
#0 C:\xampp\htdocs\ecommercejb\framework\web\CWebApplication.php(141): CWebApplication->runController('uploads/images/...')
#1 C:\xampp\htdocs\ecommercejb\framework\base\CApplication.php(169): CWebApplication->processRequest()
#2 C:\xampp\htdocs\ecommercejb\index.php(13): CApplication->run()
#3 {main}
REQUEST_URI=/ecommerceJB/index.php/uploads/images/5/2.jpg
HTTP_REFERER=http://localhost/ecommerceJB/index.php/home
---
2013/09/11 05:13:30 [error] [exception.CHttpException.404] exception 'CHttpException' with message 'Unable to resolve the request "uploads/images/5/2.jpg".' in C:\xampp\htdocs\ecommercejb\framework\web\CWebApplication.php:286
Stack trace:
#0 C:\xampp\htdocs\ecommercejb\framework\web\CWebApplication.php(141): CWebApplication->runController('uploads/images/...')
#1 C:\xampp\htdocs\ecommercejb\framework\base\CApplication.php(169): CWebApplication->processRequest()
#2 C:\xampp\htdocs\ecommercejb\index.php(13): CApplication->run()
#3 {main}
REQUEST_URI=/ecommerceJB/index.php/uploads/images/5/2.jpg
HTTP_REFERER=http://localhost/ecommerceJB/index.php/home
---
2013/09/11 05:13:34 [error] [exception.CHttpException.404] exception 'CHttpException' with message 'Unable to resolve the request "uploads/images/5/2.jpg".' in C:\xampp\htdocs\ecommercejb\framework\web\CWebApplication.php:286
Stack trace:
#0 C:\xampp\htdocs\ecommercejb\framework\web\CWebApplication.php(141): CWebApplication->runController('uploads/images/...')
#1 C:\xampp\htdocs\ecommercejb\framework\base\CApplication.php(169): CWebApplication->processRequest()
#2 C:\xampp\htdocs\ecommercejb\index.php(13): CApplication->run()
#3 {main}
REQUEST_URI=/ecommerceJB/index.php/uploads/images/5/2.jpg
HTTP_REFERER=http://localhost/ecommerceJB/index.php/home
---
2013/09/11 05:13:38 [error] [exception.CHttpException.404] exception 'CHttpException' with message 'Unable to resolve the request "uploads/images/5/2.jpg".' in C:\xampp\htdocs\ecommercejb\framework\web\CWebApplication.php:286
Stack trace:
#0 C:\xampp\htdocs\ecommercejb\framework\web\CWebApplication.php(141): CWebApplication->runController('uploads/images/...')
#1 C:\xampp\htdocs\ecommercejb\framework\base\CApplication.php(169): CWebApplication->processRequest()
#2 C:\xampp\htdocs\ecommercejb\index.php(13): CApplication->run()
#3 {main}
REQUEST_URI=/ecommerceJB/index.php/uploads/images/5/2.jpg
HTTP_REFERER=http://localhost/ecommerceJB/index.php/home
---
2013/09/11 05:13:42 [error] [exception.CHttpException.404] exception 'CHttpException' with message 'Unable to resolve the request "uploads/images/5/2.jpg".' in C:\xampp\htdocs\ecommercejb\framework\web\CWebApplication.php:286
Stack trace:
#0 C:\xampp\htdocs\ecommercejb\framework\web\CWebApplication.php(141): CWebApplication->runController('uploads/images/...')
#1 C:\xampp\htdocs\ecommercejb\framework\base\CApplication.php(169): CWebApplication->processRequest()
#2 C:\xampp\htdocs\ecommercejb\index.php(13): CApplication->run()
#3 {main}
REQUEST_URI=/ecommerceJB/index.php/uploads/images/5/2.jpg
HTTP_REFERER=http://localhost/ecommerceJB/index.php/home
---
2013/09/11 05:13:46 [error] [exception.CHttpException.404] exception 'CHttpException' with message 'Unable to resolve the request "uploads/images/5/2.jpg".' in C:\xampp\htdocs\ecommercejb\framework\web\CWebApplication.php:286
Stack trace:
#0 C:\xampp\htdocs\ecommercejb\framework\web\CWebApplication.php(141): CWebApplication->runController('uploads/images/...')
#1 C:\xampp\htdocs\ecommercejb\framework\base\CApplication.php(169): CWebApplication->processRequest()
#2 C:\xampp\htdocs\ecommercejb\index.php(13): CApplication->run()
#3 {main}
REQUEST_URI=/ecommerceJB/index.php/uploads/images/5/2.jpg
HTTP_REFERER=http://localhost/ecommerceJB/index.php/home
---
2013/09/11 05:13:50 [error] [exception.CHttpException.404] exception 'CHttpException' with message 'Unable to resolve the request "uploads/images/5/2.jpg".' in C:\xampp\htdocs\ecommercejb\framework\web\CWebApplication.php:286
Stack trace:
#0 C:\xampp\htdocs\ecommercejb\framework\web\CWebApplication.php(141): CWebApplication->runController('uploads/images/...')
#1 C:\xampp\htdocs\ecommercejb\framework\base\CApplication.php(169): CWebApplication->processRequest()
#2 C:\xampp\htdocs\ecommercejb\index.php(13): CApplication->run()
#3 {main}
REQUEST_URI=/ecommerceJB/index.php/uploads/images/5/2.jpg
HTTP_REFERER=http://localhost/ecommerceJB/index.php/home
---
2013/09/11 05:13:54 [error] [exception.CHttpException.404] exception 'CHttpException' with message 'Unable to resolve the request "uploads/images/5/2.jpg".' in C:\xampp\htdocs\ecommercejb\framework\web\CWebApplication.php:286
Stack trace:
#0 C:\xampp\htdocs\ecommercejb\framework\web\CWebApplication.php(141): CWebApplication->runController('uploads/images/...')
#1 C:\xampp\htdocs\ecommercejb\framework\base\CApplication.php(169): CWebApplication->processRequest()
#2 C:\xampp\htdocs\ecommercejb\index.php(13): CApplication->run()
#3 {main}
REQUEST_URI=/ecommerceJB/index.php/uploads/images/5/2.jpg
HTTP_REFERER=http://localhost/ecommerceJB/index.php/home
---
2013/09/11 05:13:58 [error] [exception.CHttpException.404] exception 'CHttpException' with message 'Unable to resolve the request "uploads/images/5/2.jpg".' in C:\xampp\htdocs\ecommercejb\framework\web\CWebApplication.php:286
Stack trace:
#0 C:\xampp\htdocs\ecommercejb\framework\web\CWebApplication.php(141): CWebApplication->runController('uploads/images/...')
#1 C:\xampp\htdocs\ecommercejb\framework\base\CApplication.php(169): CWebApplication->processRequest()
#2 C:\xampp\htdocs\ecommercejb\index.php(13): CApplication->run()
#3 {main}
REQUEST_URI=/ecommerceJB/index.php/uploads/images/5/2.jpg
HTTP_REFERER=http://localhost/ecommerceJB/index.php/home
---
2013/09/11 05:14:02 [error] [exception.CHttpException.404] exception 'CHttpException' with message 'Unable to resolve the request "uploads/images/5/2.jpg".' in C:\xampp\htdocs\ecommercejb\framework\web\CWebApplication.php:286
Stack trace:
#0 C:\xampp\htdocs\ecommercejb\framework\web\CWebApplication.php(141): CWebApplication->runController('uploads/images/...')
#1 C:\xampp\htdocs\ecommercejb\framework\base\CApplication.php(169): CWebApplication->processRequest()
#2 C:\xampp\htdocs\ecommercejb\index.php(13): CApplication->run()
#3 {main}
REQUEST_URI=/ecommerceJB/index.php/uploads/images/5/2.jpg
HTTP_REFERER=http://localhost/ecommerceJB/index.php/home
---
2013/09/11 05:14:06 [error] [exception.CHttpException.404] exception 'CHttpException' with message 'Unable to resolve the request "uploads/images/5/2.jpg".' in C:\xampp\htdocs\ecommercejb\framework\web\CWebApplication.php:286
Stack trace:
#0 C:\xampp\htdocs\ecommercejb\framework\web\CWebApplication.php(141): CWebApplication->runController('uploads/images/...')
#1 C:\xampp\htdocs\ecommercejb\framework\base\CApplication.php(169): CWebApplication->processRequest()
#2 C:\xampp\htdocs\ecommercejb\index.php(13): CApplication->run()
#3 {main}
REQUEST_URI=/ecommerceJB/index.php/uploads/images/5/2.jpg
HTTP_REFERER=http://localhost/ecommerceJB/index.php/home
---
2013/09/11 05:14:10 [error] [exception.CHttpException.404] exception 'CHttpException' with message 'Unable to resolve the request "uploads/images/5/2.jpg".' in C:\xampp\htdocs\ecommercejb\framework\web\CWebApplication.php:286
Stack trace:
#0 C:\xampp\htdocs\ecommercejb\framework\web\CWebApplication.php(141): CWebApplication->runController('uploads/images/...')
#1 C:\xampp\htdocs\ecommercejb\framework\base\CApplication.php(169): CWebApplication->processRequest()
#2 C:\xampp\htdocs\ecommercejb\index.php(13): CApplication->run()
#3 {main}
REQUEST_URI=/ecommerceJB/index.php/uploads/images/5/2.jpg
HTTP_REFERER=http://localhost/ecommerceJB/index.php/home
---
2013/09/11 05:14:14 [error] [exception.CHttpException.404] exception 'CHttpException' with message 'Unable to resolve the request "uploads/images/5/2.jpg".' in C:\xampp\htdocs\ecommercejb\framework\web\CWebApplication.php:286
Stack trace:
#0 C:\xampp\htdocs\ecommercejb\framework\web\CWebApplication.php(141): CWebApplication->runController('uploads/images/...')
#1 C:\xampp\htdocs\ecommercejb\framework\base\CApplication.php(169): CWebApplication->processRequest()
#2 C:\xampp\htdocs\ecommercejb\index.php(13): CApplication->run()
#3 {main}
REQUEST_URI=/ecommerceJB/index.php/uploads/images/5/2.jpg
HTTP_REFERER=http://localhost/ecommerceJB/index.php/home
---
2013/09/11 05:14:18 [error] [exception.CHttpException.404] exception 'CHttpException' with message 'Unable to resolve the request "uploads/images/5/2.jpg".' in C:\xampp\htdocs\ecommercejb\framework\web\CWebApplication.php:286
Stack trace:
#0 C:\xampp\htdocs\ecommercejb\framework\web\CWebApplication.php(141): CWebApplication->runController('uploads/images/...')
#1 C:\xampp\htdocs\ecommercejb\framework\base\CApplication.php(169): CWebApplication->processRequest()
#2 C:\xampp\htdocs\ecommercejb\index.php(13): CApplication->run()
#3 {main}
REQUEST_URI=/ecommerceJB/index.php/uploads/images/5/2.jpg
HTTP_REFERER=http://localhost/ecommerceJB/index.php/home
---
2013/09/11 05:14:22 [error] [exception.CHttpException.404] exception 'CHttpException' with message 'Unable to resolve the request "uploads/images/5/2.jpg".' in C:\xampp\htdocs\ecommercejb\framework\web\CWebApplication.php:286
Stack trace:
#0 C:\xampp\htdocs\ecommercejb\framework\web\CWebApplication.php(141): CWebApplication->runController('uploads/images/...')
#1 C:\xampp\htdocs\ecommercejb\framework\base\CApplication.php(169): CWebApplication->processRequest()
#2 C:\xampp\htdocs\ecommercejb\index.php(13): CApplication->run()
#3 {main}
REQUEST_URI=/ecommerceJB/index.php/uploads/images/5/2.jpg
HTTP_REFERER=http://localhost/ecommerceJB/index.php/home
---
2013/09/11 05:14:26 [error] [exception.CHttpException.404] exception 'CHttpException' with message 'Unable to resolve the request "uploads/images/5/2.jpg".' in C:\xampp\htdocs\ecommercejb\framework\web\CWebApplication.php:286
Stack trace:
#0 C:\xampp\htdocs\ecommercejb\framework\web\CWebApplication.php(141): CWebApplication->runController('uploads/images/...')
#1 C:\xampp\htdocs\ecommercejb\framework\base\CApplication.php(169): CWebApplication->processRequest()
#2 C:\xampp\htdocs\ecommercejb\index.php(13): CApplication->run()
#3 {main}
REQUEST_URI=/ecommerceJB/index.php/uploads/images/5/2.jpg
HTTP_REFERER=http://localhost/ecommerceJB/index.php/home
---
2013/09/11 05:14:33 [error] [exception.CHttpException.404] exception 'CHttpException' with message 'Unable to resolve the request "uploads/images/5/2.jpg".' in C:\xampp\htdocs\ecommercejb\framework\web\CWebApplication.php:286
Stack trace:
#0 C:\xampp\htdocs\ecommercejb\framework\web\CWebApplication.php(141): CWebApplication->runController('uploads/images/...')
#1 C:\xampp\htdocs\ecommercejb\framework\base\CApplication.php(169): CWebApplication->processRequest()
#2 C:\xampp\htdocs\ecommercejb\index.php(13): CApplication->run()
#3 {main}
REQUEST_URI=/ecommerceJB/index.php/uploads/images/5/2.jpg
HTTP_REFERER=http://localhost/ecommerceJB/index.php/home
---
2013/09/11 05:14:34 [error] [exception.CHttpException.404] exception 'CHttpException' with message 'Unable to resolve the request "uploads/images/5/2.jpg".' in C:\xampp\htdocs\ecommercejb\framework\web\CWebApplication.php:286
Stack trace:
#0 C:\xampp\htdocs\ecommercejb\framework\web\CWebApplication.php(141): CWebApplication->runController('uploads/images/...')
#1 C:\xampp\htdocs\ecommercejb\framework\base\CApplication.php(169): CWebApplication->processRequest()
#2 C:\xampp\htdocs\ecommercejb\index.php(13): CApplication->run()
#3 {main}
REQUEST_URI=/ecommerceJB/index.php/uploads/images/5/2.jpg
HTTP_REFERER=http://localhost/ecommerceJB/index.php/home
---
2013/09/11 05:14:38 [error] [exception.CHttpException.404] exception 'CHttpException' with message 'Unable to resolve the request "uploads/images/5/2.jpg".' in C:\xampp\htdocs\ecommercejb\framework\web\CWebApplication.php:286
Stack trace:
#0 C:\xampp\htdocs\ecommercejb\framework\web\CWebApplication.php(141): CWebApplication->runController('uploads/images/...')
#1 C:\xampp\htdocs\ecommercejb\framework\base\CApplication.php(169): CWebApplication->processRequest()
#2 C:\xampp\htdocs\ecommercejb\index.php(13): CApplication->run()
#3 {main}
REQUEST_URI=/ecommerceJB/index.php/uploads/images/5/2.jpg
HTTP_REFERER=http://localhost/ecommerceJB/index.php/home
---
2013/09/11 05:14:41 [error] [exception.CHttpException.404] exception 'CHttpException' with message 'Unable to resolve the request "uploads/images/5/2.jpg".' in C:\xampp\htdocs\ecommercejb\framework\web\CWebApplication.php:286
Stack trace:
#0 C:\xampp\htdocs\ecommercejb\framework\web\CWebApplication.php(141): CWebApplication->runController('uploads/images/...')
#1 C:\xampp\htdocs\ecommercejb\framework\base\CApplication.php(169): CWebApplication->processRequest()
#2 C:\xampp\htdocs\ecommercejb\index.php(13): CApplication->run()
#3 {main}
REQUEST_URI=/ecommerceJB/index.php/uploads/images/5/2.jpg
HTTP_REFERER=http://localhost/ecommerceJB/index.php/home
---
2013/09/11 05:14:44 [error] [exception.CHttpException.404] exception 'CHttpException' with message 'Unable to resolve the request "uploads/images/5/2.jpg".' in C:\xampp\htdocs\ecommercejb\framework\web\CWebApplication.php:286
Stack trace:
#0 C:\xampp\htdocs\ecommercejb\framework\web\CWebApplication.php(141): CWebApplication->runController('uploads/images/...')
#1 C:\xampp\htdocs\ecommercejb\framework\base\CApplication.php(169): CWebApplication->processRequest()
#2 C:\xampp\htdocs\ecommercejb\index.php(13): CApplication->run()
#3 {main}
REQUEST_URI=/ecommerceJB/index.php/uploads/images/5/2.jpg
HTTP_REFERER=http://localhost/ecommerceJB/index.php/home
---
2013/09/11 05:14:48 [error] [exception.CHttpException.404] exception 'CHttpException' with message 'Unable to resolve the request "uploads/images/5/2.jpg".' in C:\xampp\htdocs\ecommercejb\framework\web\CWebApplication.php:286
Stack trace:
#0 C:\xampp\htdocs\ecommercejb\framework\web\CWebApplication.php(141): CWebApplication->runController('uploads/images/...')
#1 C:\xampp\htdocs\ecommercejb\framework\base\CApplication.php(169): CWebApplication->processRequest()
#2 C:\xampp\htdocs\ecommercejb\index.php(13): CApplication->run()
#3 {main}
REQUEST_URI=/ecommerceJB/index.php/uploads/images/5/2.jpg
HTTP_REFERER=http://localhost/ecommerceJB/index.php/home
---
2013/09/11 05:14:51 [error] [exception.CHttpException.404] exception 'CHttpException' with message 'Unable to resolve the request "uploads/images/5/2.jpg".' in C:\xampp\htdocs\ecommercejb\framework\web\CWebApplication.php:286
Stack trace:
#0 C:\xampp\htdocs\ecommercejb\framework\web\CWebApplication.php(141): CWebApplication->runController('uploads/images/...')
#1 C:\xampp\htdocs\ecommercejb\framework\base\CApplication.php(169): CWebApplication->processRequest()
#2 C:\xampp\htdocs\ecommercejb\index.php(13): CApplication->run()
#3 {main}
REQUEST_URI=/ecommerceJB/index.php/uploads/images/5/2.jpg
HTTP_REFERER=http://localhost/ecommerceJB/index.php/home
---
2013/09/11 05:14:55 [error] [exception.CHttpException.404] exception 'CHttpException' with message 'Unable to resolve the request "uploads/images/5/2.jpg".' in C:\xampp\htdocs\ecommercejb\framework\web\CWebApplication.php:286
Stack trace:
#0 C:\xampp\htdocs\ecommercejb\framework\web\CWebApplication.php(141): CWebApplication->runController('uploads/images/...')
#1 C:\xampp\htdocs\ecommercejb\framework\base\CApplication.php(169): CWebApplication->processRequest()
#2 C:\xampp\htdocs\ecommercejb\index.php(13): CApplication->run()
#3 {main}
REQUEST_URI=/ecommerceJB/index.php/uploads/images/5/2.jpg
HTTP_REFERER=http://localhost/ecommerceJB/index.php/home
---
2013/09/11 05:14:58 [error] [exception.CHttpException.404] exception 'CHttpException' with message 'Unable to resolve the request "uploads/images/5/2.jpg".' in C:\xampp\htdocs\ecommercejb\framework\web\CWebApplication.php:286
Stack trace:
#0 C:\xampp\htdocs\ecommercejb\framework\web\CWebApplication.php(141): CWebApplication->runController('uploads/images/...')
#1 C:\xampp\htdocs\ecommercejb\framework\base\CApplication.php(169): CWebApplication->processRequest()
#2 C:\xampp\htdocs\ecommercejb\index.php(13): CApplication->run()
#3 {main}
REQUEST_URI=/ecommerceJB/index.php/uploads/images/5/2.jpg
HTTP_REFERER=http://localhost/ecommerceJB/index.php/home
---
2013/09/11 05:15:02 [error] [exception.CHttpException.404] exception 'CHttpException' with message 'Unable to resolve the request "uploads/images/5/2.jpg".' in C:\xampp\htdocs\ecommercejb\framework\web\CWebApplication.php:286
Stack trace:
#0 C:\xampp\htdocs\ecommercejb\framework\web\CWebApplication.php(141): CWebApplication->runController('uploads/images/...')
#1 C:\xampp\htdocs\ecommercejb\framework\base\CApplication.php(169): CWebApplication->processRequest()
#2 C:\xampp\htdocs\ecommercejb\index.php(13): CApplication->run()
#3 {main}
REQUEST_URI=/ecommerceJB/index.php/uploads/images/5/2.jpg
HTTP_REFERER=http://localhost/ecommerceJB/index.php/home
---
2013/09/11 05:15:06 [error] [exception.CHttpException.404] exception 'CHttpException' with message 'Unable to resolve the request "uploads/images/5/2.jpg".' in C:\xampp\htdocs\ecommercejb\framework\web\CWebApplication.php:286
Stack trace:
#0 C:\xampp\htdocs\ecommercejb\framework\web\CWebApplication.php(141): CWebApplication->runController('uploads/images/...')
#1 C:\xampp\htdocs\ecommercejb\framework\base\CApplication.php(169): CWebApplication->processRequest()
#2 C:\xampp\htdocs\ecommercejb\index.php(13): CApplication->run()
#3 {main}
REQUEST_URI=/ecommerceJB/index.php/uploads/images/5/2.jpg
HTTP_REFERER=http://localhost/ecommerceJB/index.php/home
---
2013/09/11 05:15:14 [error] [exception.CHttpException.404] exception 'CHttpException' with message 'Unable to resolve the request "uploads/images/5/3.jpg".' in C:\xampp\htdocs\ecommercejb\framework\web\CWebApplication.php:286
Stack trace:
#0 C:\xampp\htdocs\ecommercejb\framework\web\CWebApplication.php(141): CWebApplication->runController('uploads/images/...')
#1 C:\xampp\htdocs\ecommercejb\framework\base\CApplication.php(169): CWebApplication->processRequest()
#2 C:\xampp\htdocs\ecommercejb\index.php(13): CApplication->run()
#3 {main}
REQUEST_URI=/ecommerceJB/index.php/uploads/images/5/3.jpg
HTTP_REFERER=http://localhost/ecommerceJB/index.php/home
---
2013/09/11 05:17:53 [error] [exception.CHttpException.404] exception 'CHttpException' with message 'Unable to resolve the request "uploads/images/5/3.jpg".' in C:\xampp\htdocs\ecommercejb\framework\web\CWebApplication.php:286
Stack trace:
#0 C:\xampp\htdocs\ecommercejb\framework\web\CWebApplication.php(141): CWebApplication->runController('uploads/images/...')
#1 C:\xampp\htdocs\ecommercejb\framework\base\CApplication.php(169): CWebApplication->processRequest()
#2 C:\xampp\htdocs\ecommercejb\index.php(13): CApplication->run()
#3 {main}
REQUEST_URI=/ecommerceJB/index.php/uploads/images/5/3.jpg
HTTP_REFERER=http://localhost/ecommerceJB/index.php/home
---
2013/09/11 05:18:40 [error] [exception.CHttpException.404] exception 'CHttpException' with message 'Unable to resolve the request "uploads/images/5/3.jpg".' in C:\xampp\htdocs\ecommercejb\framework\web\CWebApplication.php:286
Stack trace:
#0 C:\xampp\htdocs\ecommercejb\framework\web\CWebApplication.php(141): CWebApplication->runController('uploads/images/...')
#1 C:\xampp\htdocs\ecommercejb\framework\base\CApplication.php(169): CWebApplication->processRequest()
#2 C:\xampp\htdocs\ecommercejb\index.php(13): CApplication->run()
#3 {main}
REQUEST_URI=/ecommerceJB/index.php/uploads/images/5/3.jpg
HTTP_REFERER=http://localhost/ecommerceJB/index.php/home
---
2013/09/11 05:19:05 [error] [exception.CHttpException.404] exception 'CHttpException' with message 'Unable to resolve the request "uploads/images/5/3.jpg".' in C:\xampp\htdocs\ecommercejb\framework\web\CWebApplication.php:286
Stack trace:
#0 C:\xampp\htdocs\ecommercejb\framework\web\CWebApplication.php(141): CWebApplication->runController('uploads/images/...')
#1 C:\xampp\htdocs\ecommercejb\framework\base\CApplication.php(169): CWebApplication->processRequest()
#2 C:\xampp\htdocs\ecommercejb\index.php(13): CApplication->run()
#3 {main}
REQUEST_URI=/ecommerceJB/index.php/uploads/images/5/3.jpg
HTTP_REFERER=http://localhost/ecommerceJB/index.php/home
---
2013/09/11 05:21:12 [error] [exception.CHttpException.404] exception 'CHttpException' with message 'Unable to resolve the request "uploads/images/5/3.jpg".' in C:\xampp\htdocs\ecommercejb\framework\web\CWebApplication.php:286
Stack trace:
#0 C:\xampp\htdocs\ecommercejb\framework\web\CWebApplication.php(141): CWebApplication->runController('uploads/images/...')
#1 C:\xampp\htdocs\ecommercejb\framework\base\CApplication.php(169): CWebApplication->processRequest()
#2 C:\xampp\htdocs\ecommercejb\index.php(13): CApplication->run()
#3 {main}
REQUEST_URI=/ecommerceJB/index.php/uploads/images/5/3.jpg
HTTP_REFERER=http://localhost/ecommerceJB/index.php/home
---
2013/09/11 05:23:33 [error] [exception.CHttpException.404] exception 'CHttpException' with message 'Unable to resolve the request "uploads/images/5/3.jpg".' in C:\xampp\htdocs\ecommercejb\framework\web\CWebApplication.php:286
Stack trace:
#0 C:\xampp\htdocs\ecommercejb\framework\web\CWebApplication.php(141): CWebApplication->runController('uploads/images/...')
#1 C:\xampp\htdocs\ecommercejb\framework\base\CApplication.php(169): CWebApplication->processRequest()
#2 C:\xampp\htdocs\ecommercejb\index.php(13): CApplication->run()
#3 {main}
REQUEST_URI=/ecommerceJB/index.php/uploads/images/5/3.jpg
HTTP_REFERER=http://localhost/ecommerceJB/index.php/home
---
2013/09/11 05:25:10 [error] [exception.CHttpException.404] exception 'CHttpException' with message 'Unable to resolve the request "uploads/images/5/3.jpg".' in C:\xampp\htdocs\ecommercejb\framework\web\CWebApplication.php:286
Stack trace:
#0 C:\xampp\htdocs\ecommercejb\framework\web\CWebApplication.php(141): CWebApplication->runController('uploads/images/...')
#1 C:\xampp\htdocs\ecommercejb\framework\base\CApplication.php(169): CWebApplication->processRequest()
#2 C:\xampp\htdocs\ecommercejb\index.php(13): CApplication->run()
#3 {main}
REQUEST_URI=/ecommerceJB/index.php/uploads/images/5/3.jpg
HTTP_REFERER=http://localhost/ecommerceJB/index.php/home
---
2013/09/11 05:34:12 [error] [exception.CHttpException.404] exception 'CHttpException' with message 'Unable to resolve the request "uploads/images/5/3.jpg".' in C:\xampp\htdocs\ecommercejb\framework\web\CWebApplication.php:286
Stack trace:
#0 C:\xampp\htdocs\ecommercejb\framework\web\CWebApplication.php(141): CWebApplication->runController('uploads/images/...')
#1 C:\xampp\htdocs\ecommercejb\framework\base\CApplication.php(169): CWebApplication->processRequest()
#2 C:\xampp\htdocs\ecommercejb\index.php(13): CApplication->run()
#3 {main}
REQUEST_URI=/ecommerceJB/index.php/uploads/images/5/3.jpg
HTTP_REFERER=http://localhost/ecommerceJB/index.php/home
---
2013/09/11 05:35:40 [error] [exception.CHttpException.404] exception 'CHttpException' with message 'Unable to resolve the request "uploads/images/5/3.jpg".' in C:\xampp\htdocs\ecommercejb\framework\web\CWebApplication.php:286
Stack trace:
#0 C:\xampp\htdocs\ecommercejb\framework\web\CWebApplication.php(141): CWebApplication->runController('uploads/images/...')
#1 C:\xampp\htdocs\ecommercejb\framework\base\CApplication.php(169): CWebApplication->processRequest()
#2 C:\xampp\htdocs\ecommercejb\index.php(13): CApplication->run()
#3 {main}
REQUEST_URI=/ecommerceJB/index.php/uploads/images/5/3.jpg
HTTP_REFERER=http://localhost/ecommerceJB/index.php/home
---
2013/09/11 05:35:46 [error] [exception.CHttpException.404] exception 'CHttpException' with message 'Unable to resolve the request "uploads/images/5/3.jpg".' in C:\xampp\htdocs\ecommercejb\framework\web\CWebApplication.php:286
Stack trace:
#0 C:\xampp\htdocs\ecommercejb\framework\web\CWebApplication.php(141): CWebApplication->runController('uploads/images/...')
#1 C:\xampp\htdocs\ecommercejb\framework\base\CApplication.php(169): CWebApplication->processRequest()
#2 C:\xampp\htdocs\ecommercejb\index.php(13): CApplication->run()
#3 {main}
REQUEST_URI=/ecommerceJB/index.php/uploads/images/5/3.jpg
HTTP_REFERER=http://localhost/ecommerceJB/index.php/home
---
2013/09/11 05:35:58 [error] [exception.CHttpException.404] exception 'CHttpException' with message 'Unable to resolve the request "uploads/images/5/3.jpg".' in C:\xampp\htdocs\ecommercejb\framework\web\CWebApplication.php:286
Stack trace:
#0 C:\xampp\htdocs\ecommercejb\framework\web\CWebApplication.php(141): CWebApplication->runController('uploads/images/...')
#1 C:\xampp\htdocs\ecommercejb\framework\base\CApplication.php(169): CWebApplication->processRequest()
#2 C:\xampp\htdocs\ecommercejb\index.php(13): CApplication->run()
#3 {main}
REQUEST_URI=/ecommerceJB/index.php/uploads/images/5/3.jpg
HTTP_REFERER=http://localhost/ecommerceJB/index.php/home
---
2013/09/11 05:37:57 [error] [exception.CHttpException.404] exception 'CHttpException' with message 'Unable to resolve the request "uploads/images/5/3.jpg".' in C:\xampp\htdocs\ecommercejb\framework\web\CWebApplication.php:286
Stack trace:
#0 C:\xampp\htdocs\ecommercejb\framework\web\CWebApplication.php(141): CWebApplication->runController('uploads/images/...')
#1 C:\xampp\htdocs\ecommercejb\framework\base\CApplication.php(169): CWebApplication->processRequest()
#2 C:\xampp\htdocs\ecommercejb\index.php(13): CApplication->run()
#3 {main}
REQUEST_URI=/ecommerceJB/index.php/uploads/images/5/3.jpg
HTTP_REFERER=http://localhost/ecommerceJB/index.php/home
---
2013/09/11 05:39:18 [error] [exception.CHttpException.404] exception 'CHttpException' with message 'Unable to resolve the request "uploads/images/5/3.jpg".' in C:\xampp\htdocs\ecommercejb\framework\web\CWebApplication.php:286
Stack trace:
#0 C:\xampp\htdocs\ecommercejb\framework\web\CWebApplication.php(141): CWebApplication->runController('uploads/images/...')
#1 C:\xampp\htdocs\ecommercejb\framework\base\CApplication.php(169): CWebApplication->processRequest()
#2 C:\xampp\htdocs\ecommercejb\index.php(13): CApplication->run()
#3 {main}
REQUEST_URI=/ecommerceJB/index.php/uploads/images/5/3.jpg
HTTP_REFERER=http://localhost/ecommerceJB/index.php/home
---
2013/09/11 05:43:28 [error] [exception.CHttpException.404] exception 'CHttpException' with message 'Unable to resolve the request "uploads/images/5/3.jpg".' in C:\xampp\htdocs\ecommercejb\framework\web\CWebApplication.php:286
Stack trace:
#0 C:\xampp\htdocs\ecommercejb\framework\web\CWebApplication.php(141): CWebApplication->runController('uploads/images/...')
#1 C:\xampp\htdocs\ecommercejb\framework\base\CApplication.php(169): CWebApplication->processRequest()
#2 C:\xampp\htdocs\ecommercejb\index.php(13): CApplication->run()
#3 {main}
REQUEST_URI=/ecommerceJB/index.php/uploads/images/5/3.jpg
HTTP_REFERER=http://localhost/ecommerceJB/index.php/home
---
2013/09/11 05:43:53 [error] [exception.CHttpException.404] exception 'CHttpException' with message 'Unable to resolve the request "uploads/images/5/3.jpg".' in C:\xampp\htdocs\ecommercejb\framework\web\CWebApplication.php:286
Stack trace:
#0 C:\xampp\htdocs\ecommercejb\framework\web\CWebApplication.php(141): CWebApplication->runController('uploads/images/...')
#1 C:\xampp\htdocs\ecommercejb\framework\base\CApplication.php(169): CWebApplication->processRequest()
#2 C:\xampp\htdocs\ecommercejb\index.php(13): CApplication->run()
#3 {main}
REQUEST_URI=/ecommerceJB/index.php/uploads/images/5/3.jpg
HTTP_REFERER=http://localhost/ecommerceJB/index.php/home
---
2013/09/11 05:44:52 [error] [exception.CHttpException.404] exception 'CHttpException' with message 'Unable to resolve the request "uploads/images/5/3.jpg".' in C:\xampp\htdocs\ecommercejb\framework\web\CWebApplication.php:286
Stack trace:
#0 C:\xampp\htdocs\ecommercejb\framework\web\CWebApplication.php(141): CWebApplication->runController('uploads/images/...')
#1 C:\xampp\htdocs\ecommercejb\framework\base\CApplication.php(169): CWebApplication->processRequest()
#2 C:\xampp\htdocs\ecommercejb\index.php(13): CApplication->run()
#3 {main}
REQUEST_URI=/ecommerceJB/index.php/uploads/images/5/3.jpg
HTTP_REFERER=http://localhost/ecommerceJB/index.php/home
---
2013/09/11 05:46:13 [error] [exception.CHttpException.404] exception 'CHttpException' with message 'Unable to resolve the request "uploads/images/5/3.jpg".' in C:\xampp\htdocs\ecommercejb\framework\web\CWebApplication.php:286
Stack trace:
#0 C:\xampp\htdocs\ecommercejb\framework\web\CWebApplication.php(141): CWebApplication->runController('uploads/images/...')
#1 C:\xampp\htdocs\ecommercejb\framework\base\CApplication.php(169): CWebApplication->processRequest()
#2 C:\xampp\htdocs\ecommercejb\index.php(13): CApplication->run()
#3 {main}
REQUEST_URI=/ecommerceJB/index.php/uploads/images/5/3.jpg
HTTP_REFERER=http://localhost/ecommerceJB/index.php/home
---
2013/09/11 05:46:42 [error] [exception.CHttpException.404] exception 'CHttpException' with message 'Unable to resolve the request "uploads/images/5/3.jpg".' in C:\xampp\htdocs\ecommercejb\framework\web\CWebApplication.php:286
Stack trace:
#0 C:\xampp\htdocs\ecommercejb\framework\web\CWebApplication.php(141): CWebApplication->runController('uploads/images/...')
#1 C:\xampp\htdocs\ecommercejb\framework\base\CApplication.php(169): CWebApplication->processRequest()
#2 C:\xampp\htdocs\ecommercejb\index.php(13): CApplication->run()
#3 {main}
REQUEST_URI=/ecommerceJB/index.php/uploads/images/5/3.jpg
HTTP_REFERER=http://localhost/ecommerceJB/index.php/home
---
2013/09/11 05:48:16 [error] [exception.CHttpException.404] exception 'CHttpException' with message 'Unable to resolve the request "uploads/images/5/3.jpg".' in C:\xampp\htdocs\ecommercejb\framework\web\CWebApplication.php:286
Stack trace:
#0 C:\xampp\htdocs\ecommercejb\framework\web\CWebApplication.php(141): CWebApplication->runController('uploads/images/...')
#1 C:\xampp\htdocs\ecommercejb\framework\base\CApplication.php(169): CWebApplication->processRequest()
#2 C:\xampp\htdocs\ecommercejb\index.php(13): CApplication->run()
#3 {main}
REQUEST_URI=/ecommerceJB/index.php/uploads/images/5/3.jpg
HTTP_REFERER=http://localhost/ecommerceJB/index.php/home
---
2013/09/11 05:48:45 [error] [exception.CHttpException.404] exception 'CHttpException' with message 'Unable to resolve the request "uploads/images/5/3.jpg".' in C:\xampp\htdocs\ecommercejb\framework\web\CWebApplication.php:286
Stack trace:
#0 C:\xampp\htdocs\ecommercejb\framework\web\CWebApplication.php(141): CWebApplication->runController('uploads/images/...')
#1 C:\xampp\htdocs\ecommercejb\framework\base\CApplication.php(169): CWebApplication->processRequest()
#2 C:\xampp\htdocs\ecommercejb\index.php(13): CApplication->run()
#3 {main}
REQUEST_URI=/ecommerceJB/index.php/uploads/images/5/3.jpg
HTTP_REFERER=http://localhost/ecommerceJB/index.php/home
---
2013/09/11 05:49:11 [error] [exception.CHttpException.404] exception 'CHttpException' with message 'Unable to resolve the request "uploads/images/5/3.jpg".' in C:\xampp\htdocs\ecommercejb\framework\web\CWebApplication.php:286
Stack trace:
#0 C:\xampp\htdocs\ecommercejb\framework\web\CWebApplication.php(141): CWebApplication->runController('uploads/images/...')
#1 C:\xampp\htdocs\ecommercejb\framework\base\CApplication.php(169): CWebApplication->processRequest()
#2 C:\xampp\htdocs\ecommercejb\index.php(13): CApplication->run()
#3 {main}
REQUEST_URI=/ecommerceJB/index.php/uploads/images/5/3.jpg
HTTP_REFERER=http://localhost/ecommerceJB/index.php/home
---
2013/09/11 05:52:55 [error] [exception.CHttpException.404] exception 'CHttpException' with message 'Unable to resolve the request "uploads/images/5/3.jpg".' in C:\xampp\htdocs\ecommercejb\framework\web\CWebApplication.php:286
Stack trace:
#0 C:\xampp\htdocs\ecommercejb\framework\web\CWebApplication.php(141): CWebApplication->runController('uploads/images/...')
#1 C:\xampp\htdocs\ecommercejb\framework\base\CApplication.php(169): CWebApplication->processRequest()
#2 C:\xampp\htdocs\ecommercejb\index.php(13): CApplication->run()
#3 {main}
REQUEST_URI=/ecommerceJB/index.php/uploads/images/5/3.jpg
HTTP_REFERER=http://localhost/ecommerceJB/index.php/home
---
2013/09/11 05:55:56 [error] [exception.CHttpException.404] exception 'CHttpException' with message 'Unable to resolve the request "uploads/images/5/3.jpg".' in C:\xampp\htdocs\ecommercejb\framework\web\CWebApplication.php:286
Stack trace:
#0 C:\xampp\htdocs\ecommercejb\framework\web\CWebApplication.php(141): CWebApplication->runController('uploads/images/...')
#1 C:\xampp\htdocs\ecommercejb\framework\base\CApplication.php(169): CWebApplication->processRequest()
#2 C:\xampp\htdocs\ecommercejb\index.php(13): CApplication->run()
#3 {main}
REQUEST_URI=/ecommerceJB/index.php/uploads/images/5/3.jpg
HTTP_REFERER=http://localhost/ecommerceJB/index.php/home
---
2013/09/11 05:56:16 [error] [exception.CHttpException.404] exception 'CHttpException' with message 'Unable to resolve the request "uploads/images/5/3.jpg".' in C:\xampp\htdocs\ecommercejb\framework\web\CWebApplication.php:286
Stack trace:
#0 C:\xampp\htdocs\ecommercejb\framework\web\CWebApplication.php(141): CWebApplication->runController('uploads/images/...')
#1 C:\xampp\htdocs\ecommercejb\framework\base\CApplication.php(169): CWebApplication->processRequest()
#2 C:\xampp\htdocs\ecommercejb\index.php(13): CApplication->run()
#3 {main}
REQUEST_URI=/ecommerceJB/index.php/uploads/images/5/3.jpg
HTTP_REFERER=http://localhost/ecommerceJB/index.php/home
---
2013/09/11 05:56:34 [error] [exception.CHttpException.404] exception 'CHttpException' with message 'Unable to resolve the request "uploads/images/5/3.jpg".' in C:\xampp\htdocs\ecommercejb\framework\web\CWebApplication.php:286
Stack trace:
#0 C:\xampp\htdocs\ecommercejb\framework\web\CWebApplication.php(141): CWebApplication->runController('uploads/images/...')
#1 C:\xampp\htdocs\ecommercejb\framework\base\CApplication.php(169): CWebApplication->processRequest()
#2 C:\xampp\htdocs\ecommercejb\index.php(13): CApplication->run()
#3 {main}
REQUEST_URI=/ecommerceJB/index.php/uploads/images/5/3.jpg
HTTP_REFERER=http://localhost/ecommerceJB/index.php/home
---
2013/09/11 05:57:36 [error] [exception.CHttpException.404] exception 'CHttpException' with message 'Unable to resolve the request "uploads/images/5/3.jpg".' in C:\xampp\htdocs\ecommercejb\framework\web\CWebApplication.php:286
Stack trace:
#0 C:\xampp\htdocs\ecommercejb\framework\web\CWebApplication.php(141): CWebApplication->runController('uploads/images/...')
#1 C:\xampp\htdocs\ecommercejb\framework\base\CApplication.php(169): CWebApplication->processRequest()
#2 C:\xampp\htdocs\ecommercejb\index.php(13): CApplication->run()
#3 {main}
REQUEST_URI=/ecommerceJB/index.php/uploads/images/5/3.jpg
HTTP_REFERER=http://localhost/ecommerceJB/index.php/home
---
2013/09/11 05:57:47 [error] [exception.CHttpException.404] exception 'CHttpException' with message 'Unable to resolve the request "uploads/images/5/3.jpg".' in C:\xampp\htdocs\ecommercejb\framework\web\CWebApplication.php:286
Stack trace:
#0 C:\xampp\htdocs\ecommercejb\framework\web\CWebApplication.php(141): CWebApplication->runController('uploads/images/...')
#1 C:\xampp\htdocs\ecommercejb\framework\base\CApplication.php(169): CWebApplication->processRequest()
#2 C:\xampp\htdocs\ecommercejb\index.php(13): CApplication->run()
#3 {main}
REQUEST_URI=/ecommerceJB/index.php/uploads/images/5/3.jpg
HTTP_REFERER=http://localhost/ecommerceJB/index.php/home
---
2013/09/11 05:59:54 [error] [exception.CHttpException.404] exception 'CHttpException' with message 'Unable to resolve the request "uploads/images/5/3.jpg".' in C:\xampp\htdocs\ecommercejb\framework\web\CWebApplication.php:286
Stack trace:
#0 C:\xampp\htdocs\ecommercejb\framework\web\CWebApplication.php(141): CWebApplication->runController('uploads/images/...')
#1 C:\xampp\htdocs\ecommercejb\framework\base\CApplication.php(169): CWebApplication->processRequest()
#2 C:\xampp\htdocs\ecommercejb\index.php(13): CApplication->run()
#3 {main}
REQUEST_URI=/ecommerceJB/index.php/uploads/images/5/3.jpg
HTTP_REFERER=http://localhost/ecommerceJB/index.php/home
---
2013/09/11 06:00:57 [error] [exception.CHttpException.404] exception 'CHttpException' with message 'Unable to resolve the request "uploads/images/5/3.jpg".' in C:\xampp\htdocs\ecommercejb\framework\web\CWebApplication.php:286
Stack trace:
#0 C:\xampp\htdocs\ecommercejb\framework\web\CWebApplication.php(141): CWebApplication->runController('uploads/images/...')
#1 C:\xampp\htdocs\ecommercejb\framework\base\CApplication.php(169): CWebApplication->processRequest()
#2 C:\xampp\htdocs\ecommercejb\index.php(13): CApplication->run()
#3 {main}
REQUEST_URI=/ecommerceJB/index.php/uploads/images/5/3.jpg
HTTP_REFERER=http://localhost/ecommerceJB/index.php/home
---
2013/09/11 06:02:19 [error] [exception.CHttpException.404] exception 'CHttpException' with message 'Unable to resolve the request "uploads/images/5/3.jpg".' in C:\xampp\htdocs\ecommercejb\framework\web\CWebApplication.php:286
Stack trace:
#0 C:\xampp\htdocs\ecommercejb\framework\web\CWebApplication.php(141): CWebApplication->runController('uploads/images/...')
#1 C:\xampp\htdocs\ecommercejb\framework\base\CApplication.php(169): CWebApplication->processRequest()
#2 C:\xampp\htdocs\ecommercejb\index.php(13): CApplication->run()
#3 {main}
REQUEST_URI=/ecommerceJB/index.php/uploads/images/5/3.jpg
HTTP_REFERER=http://localhost/ecommerceJB/index.php/home
---
2013/09/11 06:05:38 [error] [exception.CHttpException.404] exception 'CHttpException' with message 'Unable to resolve the request "uploads/images/5/3.jpg".' in C:\xampp\htdocs\ecommercejb\framework\web\CWebApplication.php:286
Stack trace:
#0 C:\xampp\htdocs\ecommercejb\framework\web\CWebApplication.php(141): CWebApplication->runController('uploads/images/...')
#1 C:\xampp\htdocs\ecommercejb\framework\base\CApplication.php(169): CWebApplication->processRequest()
#2 C:\xampp\htdocs\ecommercejb\index.php(13): CApplication->run()
#3 {main}
REQUEST_URI=/ecommerceJB/index.php/uploads/images/5/3.jpg
HTTP_REFERER=http://localhost/ecommerceJB/index.php/home
---
2013/09/11 06:05:53 [error] [exception.CHttpException.404] exception 'CHttpException' with message 'Unable to resolve the request "uploads/images/5/3.jpg".' in C:\xampp\htdocs\ecommercejb\framework\web\CWebApplication.php:286
Stack trace:
#0 C:\xampp\htdocs\ecommercejb\framework\web\CWebApplication.php(141): CWebApplication->runController('uploads/images/...')
#1 C:\xampp\htdocs\ecommercejb\framework\base\CApplication.php(169): CWebApplication->processRequest()
#2 C:\xampp\htdocs\ecommercejb\index.php(13): CApplication->run()
#3 {main}
REQUEST_URI=/ecommerceJB/index.php/uploads/images/5/3.jpg
HTTP_REFERER=http://localhost/ecommerceJB/index.php/home
---
2013/09/11 06:07:02 [error] [exception.CHttpException.404] exception 'CHttpException' with message 'Unable to resolve the request "uploads/images/5/3.jpg".' in C:\xampp\htdocs\ecommercejb\framework\web\CWebApplication.php:286
Stack trace:
#0 C:\xampp\htdocs\ecommercejb\framework\web\CWebApplication.php(141): CWebApplication->runController('uploads/images/...')
#1 C:\xampp\htdocs\ecommercejb\framework\base\CApplication.php(169): CWebApplication->processRequest()
#2 C:\xampp\htdocs\ecommercejb\index.php(13): CApplication->run()
#3 {main}
REQUEST_URI=/ecommerceJB/index.php/uploads/images/5/3.jpg
HTTP_REFERER=http://localhost/ecommerceJB/index.php/home
---
2013/09/11 06:07:57 [error] [exception.CHttpException.404] exception 'CHttpException' with message 'Unable to resolve the request "uploads/images/5/3.jpg".' in C:\xampp\htdocs\ecommercejb\framework\web\CWebApplication.php:286
Stack trace:
#0 C:\xampp\htdocs\ecommercejb\framework\web\CWebApplication.php(141): CWebApplication->runController('uploads/images/...')
#1 C:\xampp\htdocs\ecommercejb\framework\base\CApplication.php(169): CWebApplication->processRequest()
#2 C:\xampp\htdocs\ecommercejb\index.php(13): CApplication->run()
#3 {main}
REQUEST_URI=/ecommerceJB/index.php/uploads/images/5/3.jpg
HTTP_REFERER=http://localhost/ecommerceJB/index.php/home
---
2013/09/11 06:09:31 [error] [exception.CHttpException.404] exception 'CHttpException' with message 'Unable to resolve the request "uploads/images/5/3.jpg".' in C:\xampp\htdocs\ecommercejb\framework\web\CWebApplication.php:286
Stack trace:
#0 C:\xampp\htdocs\ecommercejb\framework\web\CWebApplication.php(141): CWebApplication->runController('uploads/images/...')
#1 C:\xampp\htdocs\ecommercejb\framework\base\CApplication.php(169): CWebApplication->processRequest()
#2 C:\xampp\htdocs\ecommercejb\index.php(13): CApplication->run()
#3 {main}
REQUEST_URI=/ecommerceJB/index.php/uploads/images/5/3.jpg
HTTP_REFERER=http://localhost/ecommerceJB/index.php/home
---
2013/09/11 06:10:09 [error] [exception.CHttpException.404] exception 'CHttpException' with message 'Unable to resolve the request "uploads/images/5/3.jpg".' in C:\xampp\htdocs\ecommercejb\framework\web\CWebApplication.php:286
Stack trace:
#0 C:\xampp\htdocs\ecommercejb\framework\web\CWebApplication.php(141): CWebApplication->runController('uploads/images/...')
#1 C:\xampp\htdocs\ecommercejb\framework\base\CApplication.php(169): CWebApplication->processRequest()
#2 C:\xampp\htdocs\ecommercejb\index.php(13): CApplication->run()
#3 {main}
REQUEST_URI=/ecommerceJB/index.php/uploads/images/5/3.jpg
HTTP_REFERER=http://localhost/ecommerceJB/index.php/home
---
2013/09/11 06:10:40 [error] [exception.CHttpException.404] exception 'CHttpException' with message 'Unable to resolve the request "uploads/images/5/3.jpg".' in C:\xampp\htdocs\ecommercejb\framework\web\CWebApplication.php:286
Stack trace:
#0 C:\xampp\htdocs\ecommercejb\framework\web\CWebApplication.php(141): CWebApplication->runController('uploads/images/...')
#1 C:\xampp\htdocs\ecommercejb\framework\base\CApplication.php(169): CWebApplication->processRequest()
#2 C:\xampp\htdocs\ecommercejb\index.php(13): CApplication->run()
#3 {main}
REQUEST_URI=/ecommerceJB/index.php/uploads/images/5/3.jpg
HTTP_REFERER=http://localhost/ecommerceJB/index.php/home
---
2013/09/11 06:14:55 [error] [exception.CHttpException.404] exception 'CHttpException' with message 'Unable to resolve the request "uploads/images/5/3.jpg".' in C:\xampp\htdocs\ecommercejb\framework\web\CWebApplication.php:286
Stack trace:
#0 C:\xampp\htdocs\ecommercejb\framework\web\CWebApplication.php(141): CWebApplication->runController('uploads/images/...')
#1 C:\xampp\htdocs\ecommercejb\framework\base\CApplication.php(169): CWebApplication->processRequest()
#2 C:\xampp\htdocs\ecommercejb\index.php(13): CApplication->run()
#3 {main}
REQUEST_URI=/ecommerceJB/index.php/uploads/images/5/3.jpg
HTTP_REFERER=http://localhost/ecommerceJB/index.php/home
---
2013/09/11 06:16:23 [error] [exception.CHttpException.404] exception 'CHttpException' with message 'Unable to resolve the request "uploads/images/5/3.jpg".' in C:\xampp\htdocs\ecommercejb\framework\web\CWebApplication.php:286
Stack trace:
#0 C:\xampp\htdocs\ecommercejb\framework\web\CWebApplication.php(141): CWebApplication->runController('uploads/images/...')
#1 C:\xampp\htdocs\ecommercejb\framework\base\CApplication.php(169): CWebApplication->processRequest()
#2 C:\xampp\htdocs\ecommercejb\index.php(13): CApplication->run()
#3 {main}
REQUEST_URI=/ecommerceJB/index.php/uploads/images/5/3.jpg
HTTP_REFERER=http://localhost/ecommerceJB/index.php/home
---
2013/09/11 06:18:28 [error] [exception.CHttpException.404] exception 'CHttpException' with message 'Unable to resolve the request "uploads/images/5/3.jpg".' in C:\xampp\htdocs\ecommercejb\framework\web\CWebApplication.php:286
Stack trace:
#0 C:\xampp\htdocs\ecommercejb\framework\web\CWebApplication.php(141): CWebApplication->runController('uploads/images/...')
#1 C:\xampp\htdocs\ecommercejb\framework\base\CApplication.php(169): CWebApplication->processRequest()
#2 C:\xampp\htdocs\ecommercejb\index.php(13): CApplication->run()
#3 {main}
REQUEST_URI=/ecommerceJB/index.php/uploads/images/5/3.jpg
HTTP_REFERER=http://localhost/ecommerceJB/index.php/home
---
2013/09/11 06:18:59 [error] [exception.CHttpException.404] exception 'CHttpException' with message 'Unable to resolve the request "uploads/images/5/3.jpg".' in C:\xampp\htdocs\ecommercejb\framework\web\CWebApplication.php:286
Stack trace:
#0 C:\xampp\htdocs\ecommercejb\framework\web\CWebApplication.php(141): CWebApplication->runController('uploads/images/...')
#1 C:\xampp\htdocs\ecommercejb\framework\base\CApplication.php(169): CWebApplication->processRequest()
#2 C:\xampp\htdocs\ecommercejb\index.php(13): CApplication->run()
#3 {main}
REQUEST_URI=/ecommerceJB/index.php/uploads/images/5/3.jpg
HTTP_REFERER=http://localhost/ecommerceJB/index.php/home
---
2013/09/11 06:19:10 [error] [exception.CHttpException.404] exception 'CHttpException' with message 'Unable to resolve the request "uploads/images/5/3.jpg".' in C:\xampp\htdocs\ecommercejb\framework\web\CWebApplication.php:286
Stack trace:
#0 C:\xampp\htdocs\ecommercejb\framework\web\CWebApplication.php(141): CWebApplication->runController('uploads/images/...')
#1 C:\xampp\htdocs\ecommercejb\framework\base\CApplication.php(169): CWebApplication->processRequest()
#2 C:\xampp\htdocs\ecommercejb\index.php(13): CApplication->run()
#3 {main}
REQUEST_URI=/ecommerceJB/index.php/uploads/images/5/3.jpg
HTTP_REFERER=http://localhost/ecommerceJB/index.php/home
---
2013/09/11 06:20:23 [error] [exception.CHttpException.404] exception 'CHttpException' with message 'Unable to resolve the request "uploads/images/5/3.jpg".' in C:\xampp\htdocs\ecommercejb\framework\web\CWebApplication.php:286
Stack trace:
#0 C:\xampp\htdocs\ecommercejb\framework\web\CWebApplication.php(141): CWebApplication->runController('uploads/images/...')
#1 C:\xampp\htdocs\ecommercejb\framework\base\CApplication.php(169): CWebApplication->processRequest()
#2 C:\xampp\htdocs\ecommercejb\index.php(13): CApplication->run()
#3 {main}
REQUEST_URI=/ecommerceJB/index.php/uploads/images/5/3.jpg
HTTP_REFERER=http://localhost/ecommerceJB/index.php/home
---
2013/09/11 06:34:13 [error] [exception.CHttpException.404] exception 'CHttpException' with message 'Unable to resolve the request "uploads/images/5/3.jpg".' in C:\xampp\htdocs\ecommercejb\framework\web\CWebApplication.php:286
Stack trace:
#0 C:\xampp\htdocs\ecommercejb\framework\web\CWebApplication.php(141): CWebApplication->runController('uploads/images/...')
#1 C:\xampp\htdocs\ecommercejb\framework\base\CApplication.php(169): CWebApplication->processRequest()
#2 C:\xampp\htdocs\ecommercejb\index.php(13): CApplication->run()
#3 {main}
REQUEST_URI=/ecommerceJB/index.php/uploads/images/5/3.jpg
HTTP_REFERER=http://localhost/ecommerceJB/index.php/
---
2013/09/11 07:25:41 [error] [exception.CException] exception 'CException' with message 'CCaptchaValidator.action "captcha" is invalid. Unable to find such an action in the current controller.' in C:\xampp\htdocs\ecommercejb\framework\validators\CCaptchaValidator.php:75
Stack trace:
#0 C:\xampp\htdocs\ecommercejb\framework\validators\CCaptchaValidator.php(49): CCaptchaValidator->getCaptchaAction()
#1 C:\xampp\htdocs\ecommercejb\framework\validators\CValidator.php(213): CCaptchaValidator->validateAttribute(Object(User), 'captcha_code')
#2 C:\xampp\htdocs\ecommercejb\framework\base\CModel.php(159): CValidator->validate(Object(User), NULL)
#3 C:\xampp\htdocs\ecommercejb\framework\db\ar\CActiveRecord.php(794): CModel->validate(NULL)
#4 C:\xampp\htdocs\ecommercejb\protected\controllers\LupaPasswordController.php(44): CActiveRecord->save()
#5 C:\xampp\htdocs\ecommercejb\framework\web\actions\CInlineAction.php(49): LupaPasswordController->actionIndex()
#6 C:\xampp\htdocs\ecommercejb\framework\web\CController.php(308): CInlineAction->runWithParams(Array)
#7 C:\xampp\htdocs\ecommercejb\framework\web\filters\CFilterChain.php(133): CController->runAction(Object(CInlineAction))
#8 C:\xampp\htdocs\ecommercejb\framework\web\filters\CFilter.php(40): CFilterChain->run()
#9 C:\xampp\htdocs\ecommercejb\framework\web\CController.php(1145): CFilter->filter(Object(CFilterChain))
#10 C:\xampp\htdocs\ecommercejb\framework\web\filters\CInlineFilter.php(58): CController->filterAccessControl(Object(CFilterChain))
#11 C:\xampp\htdocs\ecommercejb\framework\web\filters\CFilterChain.php(130): CInlineFilter->filter(Object(CFilterChain))
#12 C:\xampp\htdocs\ecommercejb\framework\web\CController.php(291): CFilterChain->run()
#13 C:\xampp\htdocs\ecommercejb\framework\web\CController.php(265): CController->runActionWithFilters(Object(CInlineAction), Array)
#14 C:\xampp\htdocs\ecommercejb\framework\web\CWebApplication.php(282): CController->run('')
#15 C:\xampp\htdocs\ecommercejb\framework\web\CWebApplication.php(141): CWebApplication->runController('lupaPassword')
#16 C:\xampp\htdocs\ecommercejb\framework\base\CApplication.php(169): CWebApplication->processRequest()
#17 C:\xampp\htdocs\ecommercejb\index.php(13): CApplication->run()
#18 {main}
REQUEST_URI=/ecommerceJB/index.php/lupaPassword
HTTP_REFERER=http://localhost/ecommerceJB/index.php/lupaPassword
---
2013/09/11 07:26:44 [error] [exception.CHttpException.404] exception 'CHttpException' with message 'Unable to resolve the request "uploads/images/5/3.jpg".' in C:\xampp\htdocs\ecommercejb\framework\web\CWebApplication.php:286
Stack trace:
#0 C:\xampp\htdocs\ecommercejb\framework\web\CWebApplication.php(141): CWebApplication->runController('uploads/images/...')
#1 C:\xampp\htdocs\ecommercejb\framework\base\CApplication.php(169): CWebApplication->processRequest()
#2 C:\xampp\htdocs\ecommercejb\index.php(13): CApplication->run()
#3 {main}
REQUEST_URI=/ecommerceJB/index.php/uploads/images/5/3.jpg
HTTP_REFERER=http://localhost/ecommerceJB/index.php/home
---
2013/09/11 08:37:30 [error] [exception.CHttpException.404] exception 'CHttpException' with message 'Unable to resolve the request "uploads/images/5/3.jpg".' in C:\xampp\htdocs\ecommercejb\framework\web\CWebApplication.php:286
Stack trace:
#0 C:\xampp\htdocs\ecommercejb\framework\web\CWebApplication.php(141): CWebApplication->runController('uploads/images/...')
#1 C:\xampp\htdocs\ecommercejb\framework\base\CApplication.php(169): CWebApplication->processRequest()
#2 C:\xampp\htdocs\ecommercejb\index.php(13): CApplication->run()
#3 {main}
REQUEST_URI=/ecommerceJB/index.php/uploads/images/5/3.jpg
HTTP_REFERER=http://localhost/ecommerceJB/index.php/home
---
2013/09/11 08:37:45 [error] [php] Undefined variable: user_check (C:\xampp\htdocs\ecommercejb\protected\controllers\LupaPasswordController.php:31)
Stack trace:
#0 C:\xampp\htdocs\ecommercejb\framework\web\actions\CInlineAction.php(47): CInlineAction->runWithParamsInternal()
#1 C:\xampp\htdocs\ecommercejb\framework\web\CController.php(308): CInlineAction->runWithParams()
#2 C:\xampp\htdocs\ecommercejb\framework\web\filters\CFilterChain.php(133): LupaPasswordController->runAction()
#3 C:\xampp\htdocs\ecommercejb\framework\web\filters\CFilter.php(40): CFilterChain->run()
#4 C:\xampp\htdocs\ecommercejb\framework\web\CController.php(1145): CAccessControlFilter->filter()
#5 C:\xampp\htdocs\ecommercejb\framework\web\filters\CInlineFilter.php(58): LupaPasswordController->filterAccessControl()
#6 C:\xampp\htdocs\ecommercejb\framework\web\filters\CFilterChain.php(130): CInlineFilter->filter()
#7 C:\xampp\htdocs\ecommercejb\framework\web\CController.php(291): CFilterChain->run()
#8 C:\xampp\htdocs\ecommercejb\framework\web\CController.php(265): LupaPasswordController->runActionWithFilters()
#9 C:\xampp\htdocs\ecommercejb\framework\web\CWebApplication.php(282): LupaPasswordController->run()
#10 C:\xampp\htdocs\ecommercejb\framework\web\CWebApplication.php(141): CWebApplication->runController()
#11 C:\xampp\htdocs\ecommercejb\framework\base\CApplication.php(169): CWebApplication->processRequest()
#12 C:\xampp\htdocs\ecommercejb\index.php(13): CWebApplication->run()
REQUEST_URI=/ecommerceJB/index.php/lupaPassword/notifikasi?email=user7%40jb.com
in C:\xampp\htdocs\ecommercejb\protected\controllers\LupaPasswordController.php (31)
in C:\xampp\htdocs\ecommercejb\index.php (13)
2013/09/11 08:38:33 [error] [php] Undefined variable: user_check (C:\xampp\htdocs\ecommercejb\protected\controllers\LupaPasswordController.php:31)
Stack trace:
#0 C:\xampp\htdocs\ecommercejb\framework\web\actions\CInlineAction.php(47): CInlineAction->runWithParamsInternal()
#1 C:\xampp\htdocs\ecommercejb\framework\web\CController.php(308): CInlineAction->runWithParams()
#2 C:\xampp\htdocs\ecommercejb\framework\web\filters\CFilterChain.php(133): LupaPasswordController->runAction()
#3 C:\xampp\htdocs\ecommercejb\framework\web\filters\CFilter.php(40): CFilterChain->run()
#4 C:\xampp\htdocs\ecommercejb\framework\web\CController.php(1145): CAccessControlFilter->filter()
#5 C:\xampp\htdocs\ecommercejb\framework\web\filters\CInlineFilter.php(58): LupaPasswordController->filterAccessControl()
#6 C:\xampp\htdocs\ecommercejb\framework\web\filters\CFilterChain.php(130): CInlineFilter->filter()
#7 C:\xampp\htdocs\ecommercejb\framework\web\CController.php(291): CFilterChain->run()
#8 C:\xampp\htdocs\ecommercejb\framework\web\CController.php(265): LupaPasswordController->runActionWithFilters()
#9 C:\xampp\htdocs\ecommercejb\framework\web\CWebApplication.php(282): LupaPasswordController->run()
#10 C:\xampp\htdocs\ecommercejb\framework\web\CWebApplication.php(141): CWebApplication->runController()
#11 C:\xampp\htdocs\ecommercejb\framework\base\CApplication.php(169): CWebApplication->processRequest()
#12 C:\xampp\htdocs\ecommercejb\index.php(13): CWebApplication->run()
REQUEST_URI=/ecommerceJB/index.php/lupaPassword/notifikasi?email=user7%40jb.com
in C:\xampp\htdocs\ecommercejb\protected\controllers\LupaPasswordController.php (31)
in C:\xampp\htdocs\ecommercejb\index.php (13)
2013/09/11 09:09:20 [error] [exception.CHttpException.404] exception 'CHttpException' with message 'Unable to resolve the request "uploads/images/5/3.jpg".' in C:\xampp\htdocs\ecommercejb\framework\web\CWebApplication.php:286
Stack trace:
#0 C:\xampp\htdocs\ecommercejb\framework\web\CWebApplication.php(141): CWebApplication->runController('uploads/images/...')
#1 C:\xampp\htdocs\ecommercejb\framework\base\CApplication.php(169): CWebApplication->processRequest()
#2 C:\xampp\htdocs\ecommercejb\index.php(13): CApplication->run()
#3 {main}
REQUEST_URI=/ecommerceJB/index.php/uploads/images/5/3.jpg
HTTP_REFERER=http://localhost/ecommerceJB/index.php/home
---
2013/09/11 17:01:43 [error] [php] Creating default object from empty value (C:\xampp\htdocs\ecommercejb\protected\components\LoginFormPortlet.php:101)
Stack trace:
#0 C:\xampp\htdocs\ecommercejb\protected\views\layouts\main.php(59): HomeController->widget()
#1 C:\xampp\htdocs\ecommercejb\framework\web\CBaseController.php(126): require()
#2 C:\xampp\htdocs\ecommercejb\framework\web\CBaseController.php(95): HomeController->renderInternal()
#3 C:\xampp\htdocs\ecommercejb\framework\web\CController.php(784): HomeController->renderFile()
#4 C:\xampp\htdocs\ecommercejb\protected\controllers\HomeController.php(107): HomeController->render()
#5 C:\xampp\htdocs\ecommercejb\framework\web\actions\CInlineAction.php(49): HomeController->actionIndex()
#6 C:\xampp\htdocs\ecommercejb\framework\web\CController.php(308): CInlineAction->runWithParams()
#7 C:\xampp\htdocs\ecommercejb\framework\web\CController.php(286): HomeController->runAction()
#8 C:\xampp\htdocs\ecommercejb\framework\web\CController.php(265): HomeController->runActionWithFilters()
#9 C:\xampp\htdocs\ecommercejb\framework\web\CWebApplication.php(282): HomeController->run()
#10 C:\xampp\htdocs\ecommercejb\framework\web\CWebApplication.php(141): CWebApplication->runController()
#11 C:\xampp\htdocs\ecommercejb\framework\base\CApplication.php(169): CWebApplication->processRequest()
#12 C:\xampp\htdocs\ecommercejb\index.php(13): CWebApplication->run()
REQUEST_URI=/ecommerceJB/index.php
in C:\xampp\htdocs\ecommercejb\protected\components\LoginFormPortlet.php (101)
in C:\xampp\htdocs\ecommercejb\protected\views\layouts\main.php (59)
in C:\xampp\htdocs\ecommercejb\protected\controllers\HomeController.php (107)
2013/09/11 18:14:46 [error] [php] Undefined variable: current_time (C:\xampp\htdocs\ecommercejb\protected\components\LoginFormPortlet.php:114)
Stack trace:
#0 C:\xampp\htdocs\ecommercejb\protected\views\layouts\main.php(59): HomeController->widget()
#1 C:\xampp\htdocs\ecommercejb\framework\web\CBaseController.php(126): require()
#2 C:\xampp\htdocs\ecommercejb\framework\web\CBaseController.php(95): HomeController->renderInternal()
#3 C:\xampp\htdocs\ecommercejb\framework\web\CController.php(784): HomeController->renderFile()
#4 C:\xampp\htdocs\ecommercejb\protected\controllers\HomeController.php(107): HomeController->render()
#5 C:\xampp\htdocs\ecommercejb\framework\web\actions\CInlineAction.php(49): HomeController->actionIndex()
#6 C:\xampp\htdocs\ecommercejb\framework\web\CController.php(308): CInlineAction->runWithParams()
#7 C:\xampp\htdocs\ecommercejb\framework\web\CController.php(286): HomeController->runAction()
#8 C:\xampp\htdocs\ecommercejb\framework\web\CController.php(265): HomeController->runActionWithFilters()
#9 C:\xampp\htdocs\ecommercejb\framework\web\CWebApplication.php(282): HomeController->run()
#10 C:\xampp\htdocs\ecommercejb\framework\web\CWebApplication.php(141): CWebApplication->runController()
#11 C:\xampp\htdocs\ecommercejb\framework\base\CApplication.php(169): CWebApplication->processRequest()
#12 C:\xampp\htdocs\ecommercejb\index.php(13): CWebApplication->run()
REQUEST_URI=/ecommerceJB/
in C:\xampp\htdocs\ecommercejb\protected\components\LoginFormPortlet.php (114)
in C:\xampp\htdocs\ecommercejb\protected\views\layouts\main.php (59)
in C:\xampp\htdocs\ecommercejb\protected\controllers\HomeController.php (107)
2013/09/11 18:19:13 [error] [php] A non well formed numeric value encountered (C:\xampp\htdocs\ecommercejb\protected\components\LoginFormPortlet.php:61)
Stack trace:
#0 C:\xampp\htdocs\ecommercejb\framework\web\CBaseController.php(173): LoginFormPortlet->run()
#1 C:\xampp\htdocs\ecommercejb\protected\views\layouts\main.php(59): HomeController->widget()
#2 C:\xampp\htdocs\ecommercejb\framework\web\CBaseController.php(126): require()
#3 C:\xampp\htdocs\ecommercejb\framework\web\CBaseController.php(95): HomeController->renderInternal()
#4 C:\xampp\htdocs\ecommercejb\framework\web\CController.php(784): HomeController->renderFile()
#5 C:\xampp\htdocs\ecommercejb\protected\controllers\HomeController.php(107): HomeController->render()
#6 C:\xampp\htdocs\ecommercejb\framework\web\actions\CInlineAction.php(49): HomeController->actionIndex()
#7 C:\xampp\htdocs\ecommercejb\framework\web\CController.php(308): CInlineAction->runWithParams()
#8 C:\xampp\htdocs\ecommercejb\framework\web\CController.php(286): HomeController->runAction()
#9 C:\xampp\htdocs\ecommercejb\framework\web\CController.php(265): HomeController->runActionWithFilters()
#10 C:\xampp\htdocs\ecommercejb\framework\web\CWebApplication.php(282): HomeController->run()
#11 C:\xampp\htdocs\ecommercejb\framework\web\CWebApplication.php(141): CWebApplication->runController()
#12 C:\xampp\htdocs\ecommercejb\framework\base\CApplication.php(169): CWebApplication->processRequest()
#13 C:\xampp\htdocs\ecommercejb\index.php(13): CWebApplication->run()
REQUEST_URI=/ecommerceJB/
in C:\xampp\htdocs\ecommercejb\protected\components\LoginFormPortlet.php (61)
in C:\xampp\htdocs\ecommercejb\protected\views\layouts\main.php (59)
in C:\xampp\htdocs\ecommercejb\protected\controllers\HomeController.php (107)
2013/09/11 18:25:02 [error] [php] Undefined variable: last_failed_time (C:\xampp\htdocs\ecommercejb\protected\components\LoginFormPortlet.php:119)
Stack trace:
#0 C:\xampp\htdocs\ecommercejb\protected\views\layouts\main.php(59): HomeController->widget()
#1 C:\xampp\htdocs\ecommercejb\framework\web\CBaseController.php(126): require()
#2 C:\xampp\htdocs\ecommercejb\framework\web\CBaseController.php(95): HomeController->renderInternal()
#3 C:\xampp\htdocs\ecommercejb\framework\web\CController.php(784): HomeController->renderFile()
#4 C:\xampp\htdocs\ecommercejb\protected\controllers\HomeController.php(107): HomeController->render()
#5 C:\xampp\htdocs\ecommercejb\framework\web\actions\CInlineAction.php(49): HomeController->actionIndex()
#6 C:\xampp\htdocs\ecommercejb\framework\web\CController.php(308): CInlineAction->runWithParams()
#7 C:\xampp\htdocs\ecommercejb\framework\web\CController.php(286): HomeController->runAction()
#8 C:\xampp\htdocs\ecommercejb\framework\web\CController.php(265): HomeController->runActionWithFilters()
#9 C:\xampp\htdocs\ecommercejb\framework\web\CWebApplication.php(282): HomeController->run()
#10 C:\xampp\htdocs\ecommercejb\framework\web\CWebApplication.php(141): CWebApplication->runController()
#11 C:\xampp\htdocs\ecommercejb\framework\base\CApplication.php(169): CWebApplication->processRequest()
#12 C:\xampp\htdocs\ecommercejb\index.php(13): CWebApplication->run()
REQUEST_URI=/ecommerceJB/
in C:\xampp\htdocs\ecommercejb\protected\components\LoginFormPortlet.php (119)
in C:\xampp\htdocs\ecommercejb\protected\views\layouts\main.php (59)
in C:\xampp\htdocs\ecommercejb\protected\controllers\HomeController.php (107)
